Running main() from /home/caiyd/vec/knowhere/cmake_build/thirdparty/gtest/googletest-src/googletest/src/gtest_main.cc
Note: Google Test filter = Benchmark_knowhere_float.TEST_RHNSW_PQ
[==========] Running 1 test from 1 test case.
[----------] Global test environment set-up.
[----------] 1 test from Benchmark_knowhere_float
[ RUN      ] Benchmark_knowhere_float.TEST_RHNSW_PQ
[0.000 s] Loading HDF5 file: glove-200-angular.hdf5
[0.000 s] Loading train data
[0.289 s] Normalizing train dataset 
[0.590 s] Loading test data
[0.593 s] Normalizing test dataset 
[0.595 s] Loading ground truth data
2022-07-25 18:07:20,047 INFO [default] [KNOWHERE][SetSimdType][benchmark_knowh] FAISS expect simdType::AVX2
2022-07-25 18:07:20,047 INFO [default] [KNOWHERE][SetSimdType][benchmark_knowh] FAISS hook AVX2
faiss::distance_compute_blas_threshold: 16384
[0.598 s] Creating CPU index "RHNSW_PQ"
[0.598 s] Reading index file: glove-200-angular_RHNSW_PQ_16_200_8.index
[0.598 s] Building all on 1183514 vectors
[34.221 s] Writing index file: glove-200-angular_RHNSW_PQ_16_200_8.index

[34.492 s] glove-200-angular | RHNSW_PQ | M=16 | efConstruction=200
================================================================================
  ef =   16, nq = 10000, k =  100, elapse =  0.119s, R@ = 0.0080
  ef =   32, nq = 10000, k =  100, elapse =  0.084s, R@ = 0.0080
  ef =   64, nq = 10000, k =  100, elapse =  0.084s, R@ = 0.0080
  ef =  128, nq = 10000, k =  100, elapse =  0.094s, R@ = 0.0089
  ef =  256, nq = 10000, k =  100, elapse =  0.148s, R@ = 0.0111
  ef =  512, nq = 10000, k =  100, elapse =  0.244s, R@ = 0.0136
================================================================================
[35.644 s] Test 'glove-200-angular/RHNSW_PQ' done

[35.644 s] Creating CPU index "RHNSW_PQ"
[35.652 s] Reading index file: glove-200-angular_RHNSW_PQ_16_200_16.index
[35.652 s] Building all on 1183514 vectors
unknown file: Failure
C++ exception with description "Error in virtual void knowhere::IndexRHNSWPQ::Train(const DatasetPtr&, const Config&) at IndexRHNSWPQ.cpp:89: Error in void faiss::ProductQuantizer::set_derived_values() at /home/caiyd/vec/knowhere/thirdparty/faiss/faiss/impl/ProductQuantizer.cpp:187: Error: 'd % M == 0' failed: The dimension of the vector (d) should be a multiple of the number of subquantizers (M)" thrown in the test body.
[  FAILED  ] Benchmark_knowhere_float.TEST_RHNSW_PQ (35679 ms)
[----------] 1 test from Benchmark_knowhere_float (35679 ms total)

[----------] Global test environment tear-down
[==========] 1 test from 1 test case ran. (35679 ms total)
[  PASSED  ] 0 tests.
[  FAILED  ] 1 test, listed below:
[  FAILED  ] Benchmark_knowhere_float.TEST_RHNSW_PQ

 1 FAILED TEST
