Running main() from /home/caiyd/vec/knowhere/cmake_build/thirdparty/gtest/googletest-src/googletest/src/gtest_main.cc
Note: Google Test filter = Benchmark_knowhere_float.TEST_IVF_PQ
[==========] Running 1 test from 1 test case.
[----------] Global test environment set-up.
[----------] 1 test from Benchmark_knowhere_float
[ RUN      ] Benchmark_knowhere_float.TEST_IVF_PQ
[0.000 s] Loading HDF5 file: glove-200-angular.hdf5
[0.000 s] Loading train data
[0.291 s] Normalizing train dataset 
[0.597 s] Loading test data
[0.599 s] Normalizing test dataset 
[0.602 s] Loading ground truth data
2022-07-25 17:24:15,458 INFO [default] [KNOWHERE][SetSimdType][benchmark_knowh] FAISS expect simdType::AVX2
2022-07-25 17:24:15,458 INFO [default] [KNOWHERE][SetSimdType][benchmark_knowh] FAISS hook AVX2
faiss::distance_compute_blas_threshold: 16384
[0.604 s] Creating CPU index "IVF_PQ"
[0.604 s] Reading index file: glove-200-angular_IVF_PQ_1024_8.index
[0.604 s] Building all on 1183514 vectors
[58.840 s] Writing index file: glove-200-angular_IVF_PQ_1024_8.index

[58.885 s] glove-200-angular | IVF_PQ | nlist=1024
================================================================================
  nprobe =    1, nq = 10000, k =  100, elapse =  0.152s, R@ = 0.1351
  nprobe =    2, nq = 10000, k =  100, elapse =  0.156s, R@ = 0.1545
  nprobe =    4, nq = 10000, k =  100, elapse =  0.258s, R@ = 0.1654
  nprobe =    8, nq = 10000, k =  100, elapse =  0.239s, R@ = 0.1707
  nprobe =   16, nq = 10000, k =  100, elapse =  0.338s, R@ = 0.1733
  nprobe =   32, nq = 10000, k =  100, elapse =  0.576s, R@ = 0.1750
  nprobe =   64, nq = 10000, k =  100, elapse =  0.895s, R@ = 0.1757
  nprobe =  128, nq = 10000, k =  100, elapse =  1.545s, R@ = 0.1758
  nprobe =  256, nq = 10000, k =  100, elapse =  3.048s, R@ = 0.1758
  nprobe =  512, nq = 10000, k =  100, elapse =  6.047s, R@ = 0.1758
================================================================================
[72.803 s] Test 'glove-200-angular/IVF_PQ' done

[72.803 s] Creating CPU index "IVF_PQ"
[72.803 s] Reading index file: glove-200-angular_IVF_PQ_1024_16.index
[72.803 s] Building all on 1183514 vectors
unknown file: Failure
C++ exception with description "Error in void faiss::ProductQuantizer::set_derived_values() at /home/caiyd/vec/knowhere/thirdparty/faiss/faiss/impl/ProductQuantizer.cpp:187: Error: 'd % M == 0' failed: The dimension of the vector (d) should be a multiple of the number of subquantizers (M)" thrown in the test body.
[  FAILED  ] Benchmark_knowhere_float.TEST_IVF_PQ (72829 ms)
[----------] 1 test from Benchmark_knowhere_float (72829 ms total)

[----------] Global test environment tear-down
[==========] 1 test from 1 test case ran. (72829 ms total)
[  PASSED  ] 0 tests.
[  FAILED  ] 1 test, listed below:
[  FAILED  ] Benchmark_knowhere_float.TEST_IVF_PQ

 1 FAILED TEST
